<?xml version="1.0" encoding="UTF-8"?>
<!-- Generated by org.testng.reporters.JUnitXMLReporter -->
<testsuite ignored="0" hostname="EC2AMAZ-8K1VTOL" failures="1" tests="1" name="Regression" time="23.818" errors="0" timestamp="2021-10-21T00:05:53 GMT">
  <testcase classname="com.goibibo.testscripts.HotelSearch" name="SearchHotel" time="15.452">
    <failure type="java.lang.NullPointerException">
      <![CDATA[java.lang.NullPointerException
at com.goibibo.pompages.GobiboHotelsPage.setCheckIndates(GobiboHotelsPage.java:66)
at com.goibibo.testscripts.HotelSearch.SearchHotel(HotelSearch.java:30)
at java.base/java.util.ArrayList.forEach(ArrayList.java:1507)
... Removed 27 stack frames]]>
    </failure>
  </testcase> <!-- SearchHotel -->
</testsuite> <!-- Regression -->
