<?xml version="1.0" encoding="UTF-8"?>
<testng-results ignored="0" total="1" passed="0" failed="1" skipped="0">
  <reporter-output>
  </reporter-output>
  <suite started-at="2021-10-21T00:05:29 GMT" name="goibiboProj" finished-at="2021-10-21T00:05:53 GMT" duration-ms="23818">
    <groups>
    </groups>
    <test started-at="2021-10-21T00:05:29 GMT" name="Regression" finished-at="2021-10-21T00:05:53 GMT" duration-ms="23818">
      <class name="com.goibibo.testscripts.HotelSearch">
        <test-method is-config="true" signature="LaunchChrome()[pri:0, instance:com.goibibo.testscripts.HotelSearch@1b1426f4]" started-at="2021-10-21T00:05:30 GMT" name="LaunchChrome" finished-at="2021-10-21T00:05:37 GMT" duration-ms="7506" status="PASS">
          <reporter-output>
          </reporter-output>
        </test-method> <!-- LaunchChrome -->
        <test-method signature="SearchHotel()[pri:0, instance:com.goibibo.testscripts.HotelSearch@1b1426f4]" started-at="2021-10-21T00:05:37 GMT" name="SearchHotel" finished-at="2021-10-21T00:05:52 GMT" duration-ms="15452" status="FAIL">
          <exception class="java.lang.NullPointerException">
            <full-stacktrace>
              <![CDATA[java.lang.NullPointerException
at com.goibibo.pompages.GobiboHotelsPage.setCheckIndates(GobiboHotelsPage.java:66)
at com.goibibo.testscripts.HotelSearch.SearchHotel(HotelSearch.java:30)
at java.base/jdk.internal.reflect.NativeMethodAccessorImpl.invoke0(Native Method)
at java.base/jdk.internal.reflect.NativeMethodAccessorImpl.invoke(NativeMethodAccessorImpl.java:62)
at java.base/jdk.internal.reflect.DelegatingMethodAccessorImpl.invoke(DelegatingMethodAccessorImpl.java:43)
at java.base/java.lang.reflect.Method.invoke(Method.java:567)
at org.testng.internal.MethodInvocationHelper.invokeMethod(MethodInvocationHelper.java:135)
at org.testng.internal.TestInvoker.invokeMethod(TestInvoker.java:598)
at org.testng.internal.TestInvoker.invokeTestMethod(TestInvoker.java:174)
at org.testng.internal.MethodRunner.runInSequence(MethodRunner.java:46)
at org.testng.internal.TestInvoker$MethodInvocationAgent.invoke(TestInvoker.java:821)
at org.testng.internal.TestInvoker.invokeTestMethods(TestInvoker.java:147)
at org.testng.internal.TestMethodWorker.invokeTestMethods(TestMethodWorker.java:146)
at org.testng.internal.TestMethodWorker.run(TestMethodWorker.java:128)
at java.base/java.util.ArrayList.forEach(ArrayList.java:1507)
at org.testng.TestRunner.privateRun(TestRunner.java:767)
at org.testng.TestRunner.run(TestRunner.java:588)
at org.testng.SuiteRunner.runTest(SuiteRunner.java:384)
at org.testng.SuiteRunner.runSequentially(SuiteRunner.java:378)
at org.testng.SuiteRunner.privateRun(SuiteRunner.java:337)
at org.testng.SuiteRunner.run(SuiteRunner.java:286)
at org.testng.SuiteRunnerWorker.runSuite(SuiteRunnerWorker.java:53)
at org.testng.SuiteRunnerWorker.run(SuiteRunnerWorker.java:96)
at org.testng.TestNG.runSuitesSequentially(TestNG.java:1214)
at org.testng.TestNG.runSuitesLocally(TestNG.java:1136)
at org.testng.TestNG.runSuites(TestNG.java:1066)
at org.testng.TestNG.run(TestNG.java:1034)
at org.testng.remote.AbstractRemoteTestNG.run(AbstractRemoteTestNG.java:115)
at org.testng.remote.RemoteTestNG.initAndRun(RemoteTestNG.java:251)
at org.testng.remote.RemoteTestNG.main(RemoteTestNG.java:77)
]]>
            </full-stacktrace>
          </exception> <!-- java.lang.NullPointerException -->
          <reporter-output>
          </reporter-output>
        </test-method> <!-- SearchHotel -->
        <test-method is-config="true" signature="closeApp()[pri:0, instance:com.goibibo.testscripts.HotelSearch@1b1426f4]" started-at="2021-10-21T00:05:53 GMT" name="closeApp" finished-at="2021-10-21T00:05:53 GMT" duration-ms="788" status="PASS">
          <reporter-output>
          </reporter-output>
        </test-method> <!-- closeApp -->
      </class> <!-- com.goibibo.testscripts.HotelSearch -->
    </test> <!-- Regression -->
  </suite> <!-- goibiboProj -->
</testng-results>
